00:00 git:wrapper
      01 mkdir -p /tmp
    ✔ 01 deploy@memodon.com 0.175s
      Uploading /tmp/git-ssh-memodon-production-t0p_l1ght.sh 100.0%
      02 chmod 700 /tmp/git-ssh-memodon-production-t0p_l1ght.sh
    ✔ 02 deploy@memodon.com 0.211s
00:00 git:check
      01 git ls-remote git@github.com:sa2taka/Memodon-rails HEAD
      01 4e85a66b5617d1b68bfc83f716fb4bad5f2e3650	HEAD
    ✔ 01 deploy@memodon.com 1.989s
00:02 deploy:check:directories
      01 mkdir -p /var/www/memodon/shared /var/www/memodon/releases
    ✔ 01 deploy@memodon.com 0.184s
00:02 deploy:check:linked_dirs
      01 mkdir -p /var/www/memodon/shared/log /var/www/memodon/shared/tmp/pids /var/www/memodon/shared/tmp/cache /var/www/memodon/shared/tmp/sockets /var/www/memodon/shared/vendor/bundle /var/www/memodon/shared/public/system /var/www/memodon/shared/public/uploads /var/www/memodon/shared/public/assets
    ✔ 01 deploy@memodon.com 0.180s
00:03 deploy:check:make_linked_dirs
      01 mkdir -p /var/www/memodon/shared/config
    ✔ 01 deploy@memodon.com 0.182s
00:04 git:clone
      The repository mirror is at /var/www/memodon/repo
00:04 git:update
      01 git remote set-url origin git@github.com:sa2taka/Memodon-rails
    ✔ 01 deploy@memodon.com 0.221s
      02 git remote update --prune
      02 Fetching origin
    ✔ 02 deploy@memodon.com 2.003s
00:07 git:create_release
      01 mkdir -p /var/www/memodon/releases/20180924193227
    ✔ 01 deploy@memodon.com 0.266s
      02 git archive master | /usr/bin/env tar -x -f - -C /var/www/memodon/releases/20180924193227
    ✔ 02 deploy@memodon.com 0.221s
00:08 deploy:set_current_revision
      01 echo "4e85a66b5617d1b68bfc83f716fb4bad5f2e3650" > REVISION
    ✔ 01 deploy@memodon.com 0.195s
00:08 deploy:symlink:linked_files
      01 mkdir -p /var/www/memodon/releases/20180924193227/config
    ✔ 01 deploy@memodon.com 0.183s
      02 rm /var/www/memodon/releases/20180924193227/config/database.yml
    ✔ 02 deploy@memodon.com 0.267s
      03 ln -s /var/www/memodon/shared/config/database.yml /var/www/memodon/releases/20180924193227/config/database.yml
    ✔ 03 deploy@memodon.com 0.199s
      04 ln -s /var/www/memodon/shared/config/secrets.yml /var/www/memodon/releases/20180924193227/config/secrets.yml
    ✔ 04 deploy@memodon.com 0.183s
      05 ln -s /var/www/memodon/shared/config/master.key /var/www/memodon/releases/20180924193227/config/master.key
    ✔ 05 deploy@memodon.com 0.218s
00:10 deploy:symlink:linked_dirs
      01 mkdir -p /var/www/memodon/releases/20180924193227 /var/www/memodon/releases/20180924193227/tmp /var/www/memodon/releases/20180924193227/vendor /var/www/memodon/releases/20180924193227/public
    ✔ 01 deploy@memodon.com 0.185s
      02 rm -rf /var/www/memodon/releases/20180924193227/log
    ✔ 02 deploy@memodon.com 0.186s
      03 ln -s /var/www/memodon/shared/log /var/www/memodon/releases/20180924193227/log
    ✔ 03 deploy@memodon.com 0.187s
      04 ln -s /var/www/memodon/shared/tmp/pids /var/www/memodon/releases/20180924193227/tmp/pids
    ✔ 04 deploy@memodon.com 0.182s
      05 ln -s /var/www/memodon/shared/tmp/cache /var/www/memodon/releases/20180924193227/tmp/cache
    ✔ 05 deploy@memodon.com 0.200s
      06 ln -s /var/www/memodon/shared/tmp/sockets /var/www/memodon/releases/20180924193227/tmp/sockets
    ✔ 06 deploy@memodon.com 0.225s
      07 ln -s /var/www/memodon/shared/vendor/bundle /var/www/memodon/releases/20180924193227/vendor/bundle
    ✔ 07 deploy@memodon.com 0.185s
      08 ln -s /var/www/memodon/shared/public/system /var/www/memodon/releases/20180924193227/public/system
    ✔ 08 deploy@memodon.com 0.190s
      09 ln -s /var/www/memodon/shared/public/uploads /var/www/memodon/releases/20180924193227/public/uploads
    ✔ 09 deploy@memodon.com 0.188s
      10 ln -s /var/www/memodon/shared/public/assets /var/www/memodon/releases/20180924193227/public/assets
    ✔ 10 deploy@memodon.com 0.184s
00:16 bundler:install
      01 /usr/local/rbenv/bin/rbenv exec bundle install --path /var/www/memodon/shared/bundle --without development test --deployment --quiet
    ✔ 01 deploy@memodon.com 0.908s
00:17 sidekiq:stop
      01 kill -USR1 `cat /var/www/memodon/shared/tmp/pids/sidekiq.pid`; true
      01 bash: 0 行: kill: (13294) - そのようなプロセスはありません
    ✔ 01 deploy@memodon.com 0.228s
00:18 deploy:assets:precompile
      01 /usr/local/rbenv/bin/rbenv exec bundle exec rake assets:precompile
      01 [2K[1Gyarn install v1.9.4
      01 [2K[1G[1/4] Resolving packages...
      01 [1G⠁ [0K
      01 [2K[1G
      01 [2K[1G[2/4] Fetching packages...
      01 [2K[1Ginfo fsevents@1.2.4: The platform "linux" is incompatible with this module.
      01 [2K[1Ginfo "fsevents@1.2.4" is an optional dependency and failed compatibility check. Excluding it from installation.
      01 [2K[1G[3/4] Linking dependencies...
      01 [2K[1Gwarning "@rails/webpacker > postcss-cssnext@3.1.0" has unmet peer dependency "caniuse-lite@^1.0.30000697".
      01 [2K[1Gwarning " > vue-loader@14.2.2" has unmet peer dependency "css-loader@*".
      01 [2K[1Gwarning " > webpack-dev-server@2.11.2" has unmet peer dependency "webpack@^2.2.0 || ^3.0.0".
      01 [2K[1Gwarning "webpack-dev-server > webpack-dev-middleware@1.12.2" has unmet peer dependency "webpack@^1.0.0 || ^2.0.0 || ^3.0.0".
      01 [2K[1G[4/4] Building fresh packages...
      01 [2K[1GDone in 21.29s.
      01 Webpacker is installed 🎉 🍰
      01 Using /var/www/memodon/releases/20180924193227/config/webpacker.yml file for setting up webpack paths
      01 Compiling…
      01 Compiled all packs in /var/www/memodon/releases/20180924193227/public/packs
    ✔ 01 deploy@memodon.com 49.247s
01:07 deploy:assets:backup_manifest
      01 mkdir -p /var/www/memodon/releases/20180924193227/assets_manifest_backup
    ✔ 01 deploy@memodon.com 0.218s
      02 cp /var/www/memodon/releases/20180924193227/public/assets/.sprockets-manifest-6f791183901c1abbb59bb2b356ca6254.json /var/www/memodon/releases/20180924193227/assets_manifest_backup
    ✔ 02 deploy@memodon.com 0.203s
01:08 deploy:migrate
      [deploy:migrate] Run `rake db:migrate`
01:08 deploy:migrating
      01 /usr/local/rbenv/bin/rbenv exec bundle exec rake db:migrate
    ✔ 01 deploy@memodon.com 2.443s
01:11 deploy:symlink:release
      01 ln -s /var/www/memodon/releases/20180924193227 /var/www/memodon/releases/current
    ✔ 01 deploy@memodon.com 0.187s
      02 mv /var/www/memodon/releases/current /var/www/memodon
    ✔ 02 deploy@memodon.com 0.222s
01:11 deploy:cleanup
      Keeping 5 of 5 deployed releases on memodon.com
      No old releases (keeping newest 5) on memodon.com
01:12 sidekiq:kill
      01 sudo kill -TERM `cat /var/www/memodon/shared/tmp/pids/sidekiq.pid`; true
      01 kill: sending signal to 13294 failed: そのようなプロセスはありません
    ✔ 01 deploy@memodon.com 0.242s
01:12 sidekiq:start
      01 pushd /var/www/memodon/current/; bundle exec sidekiq -C config/sidekiq.yml --environment=production; popd
      01 /var/www/memodon/current ~
      01 Permission denied @ rb_sysopen - ./log/sidekiq.log
      01 /usr/local/rbenv/versions/2.5.1/lib/ruby/2.5.0/logger.rb:746:in `initialize'
      01 /usr/local/rbenv/versions/2.5.1/lib/ruby/2.5.0/logger.rb:746:in `open'
      01 /usr/local/rbenv/versions/2.5.1/lib/ruby/2.5.0/logger.rb:746:in `open_logfile'
      01 /usr/local/rbenv/versions/2.5.1/lib/ruby/2.5.0/logger.rb:738:in `set_dev'
      01 /usr/local/rbenv/versions/2.5.1/lib/ruby/2.5.0/logger.rb:673:in `initialize'
      01 /usr/local/rbenv/versions/2.5.1/lib/ruby/2.5.0/logger.rb:387:in `new'
      01 /usr/local/rbenv/versions/2.5.1/lib/ruby/2.5.0/logger.rb:387:in `initialize'
      01 /var/www/memodon/shared/bundle/ruby/2.5.0/gems/sidekiq-5.2.2/lib/sidekiq/logging.rb:55:in `new'
      01 /var/www/memodon/shared/bundle/ruby/2.5.0/gems/sidekiq-5.2.2/lib/sidekiq/logging.rb:55:in `initialize_logger'
      01 /var/www/memodon/shared/bundle/ruby/2.5.0/gems/sidekiq-5.2.2/lib/sidekiq/cli.rb:394:in `initialize_logger'
      01 /var/www/memodon/shared/bundle/ruby/2.5.0/gems/sidekiq-5.2.2/lib/sidekiq/cli.rb:39:in `parse'
      01 /var/www/memodon/shared/bundle/ruby/2.5.0/gems/sidekiq-5.2.2/bin/sidekiq:11:in `<top (required)>'
      01 /var/www/memodon/shared/bundle/ruby/2.5.0/bin/sidekiq:23:in `load'
      01 /var/www/memodon/shared/bundle/ruby/2.5.0/bin/sidekiq:23:in `<top (required)>'
      01 /usr/local/rbenv/versions/2.5.1/lib/ruby/gems/2.5.0/gems/bundler-1.16.5/lib/bundler/cli/exec.rb:74:in `load'
      01 /usr/local/rbenv/versions/2.5.1/lib/ruby/gems/2.5.0/gems/bundler-1.16.5/lib/bundler/cli/exec.rb:74:in `kernel_load'
      01 /usr/local/rbenv/versions/2.5.1/lib/ruby/gems/2.5.0/gems/bundler-1.16.5/lib/bundler/cli/exec.rb:28:in `run'
      01 /usr/local/rbenv/versions/2.5.1/lib/ruby/gems/2.5.0/gems/bundler-1.16.5/lib/bundler/cli.rb:424:in `exec'
      01 /usr/local/rbenv/versions/2.5.1/lib/ruby/gems/2.5.0/gems/bundler-1.16.5/lib/bundler/vendor/thor/lib/thor/command.rb:27:in `run'
      01 /usr/local/rbenv/versions/2.5.1/lib/ruby/gems/2.5.0/gems/bundler-1.16.5/lib/bundler/vendor/thor/lib/thor/invocation.rb:126:in `invoke_command'
      01 /usr/local/rbenv/versions/2.5.1/lib/ruby/gems/2.5.0/gems/bundler-1.16.5/lib/bundler/vendor/thor/lib/thor.rb:387:in `dispatch'
      01 /usr/local/rbenv/versions/2.5.1/lib/ruby/gems/2.5.0/gems/bundler-1.16.5/lib/bundler/cli.rb:27:in `dispatch'
      01 /usr/local/rbenv/versions/2.5.1/lib/ruby/gems/2.5.0/gems/bundler-1.16.5/lib/bundler/vendor/thor/lib/thor/base.rb:466:in `start'
      01 /usr/local/rbenv/versions/2.5.1/lib/ruby/gems/2.5.0/gems/bundler-1.16.5/lib/bundler/cli.rb:18:in `start'
      01 /usr/local/rbenv/versions/2.5.1/lib/ruby/gems/2.5.0/gems/bundler-1.16.5/exe/bundle:30:in `block in <top (required)>'
      01 /usr/local/rbenv/versions/2.5.1/lib/ruby/gems/2.5.0/gems/bundler-1.16.5/lib/bundler/friendly_errors.rb:124:in `with_friendly_errors'
      01 /usr/local/rbenv/versions/2.5.1/lib/ruby/gems/2.5.0/gems/bundler-1.16.5/exe/bundle:22:in `<top (required)>'
      01 /usr/local/rbenv/versions/2.5.1/bin/bundle:23:in `load'
      01 /usr/local/rbenv/versions/2.5.1/bin/bundle:23:in `<main>'
      01 ~
    ✔ 01 deploy@memodon.com 0.893s
01:13 deploy:log_revision
      01 echo "Branch master (at 4e85a66b5617d1b68bfc83f716fb4bad5f2e3650) deployed as release 20180924193227 by t0p_l1ght" >> /var/www/memodon/revisions.log
    ✔ 01 deploy@memodon.com 0.210s
01:14 puma:restart
      01 /usr/local/rbenv/bin/rbenv exec bundle exec pumactl -S /var/www/memodon/shared/tmp/pids/puma.state -F /var/www/memodon/shared/puma.rb restart
      01 Command restart sent success
    ✔ 01 deploy@memodon.com 0.714s
